#
# A fatal error has been detected by the Java Runtime Environment:
#
#  EXCEPTION_ACCESS_VIOLATION (0xc0000005) at pc=0x0fa325e0, pid=9420, tid=11540
#
# JRE version: 6.0_17-b04
# Java VM: Java HotSpot(TM) Client VM (14.3-b01 mixed mode windows-x86 )
# Problematic frame:
# C  0x0fa325e0
#
# If you would like to submit a bug report, please visit:
#   http://java.sun.com/webapps/bugreport/crash.jsp
# The crash happened outside the Java Virtual Machine in native code.
# See problematic frame for where to report the bug.
#

---------------  T H R E A D  ---------------

Current thread (0x2194a000):  JavaThread "AWT-EventQueue-0" [_thread_in_native, id=11540, stack(0x0fe40000,0x0fec0000)]

siginfo: ExceptionCode=0xc0000005, reading address 0x00000004

Registers:
EAX=0x0000000d, EBX=0x221787c8, ECX=0x00000000, EDX=0x06081860
ESP=0x0febee74, EBP=0x77106460, ESI=0x06010104, EDI=0x0e335c40
EIP=0x0fa325e0, EFLAGS=0x00210297

Top of Stack: (sp=0x0febee74)
0x0febee74:   0f9f663a 06010104 0febf3f0 2194a110
0x0febee84:   0febf390 0e335c40 0f9dc46e 2194a110
0x0febee94:   0e335c40 21df7890 0f9dc491 00000001
0x0febeea4:   2194a000 2194a110 0f9f3cbc 2194a110
0x0febeeb4:   0febf3f0 2194a000 00000000 00000000
0x0febeec4:   00000028 0000001d 10603dcc 12e3b0d8
0x0febeed4:   21df7890 00000001 10559b30 12e3afb8
0x0febeee4:   12e2aa18 0febef08 10516104 15087d48 

Instructions: (pc=0x0fa325e0)
0x0fa325d0:   8b 41 04 8b 80 0c 0c 00 00 c3 cc cc cc cc cc cc
0x0fa325e0:   8b 49 04 85 c9 74 05 e9 94 85 fe ff 33 c0 c2 04 


Stack: [0x0fe40000,0x0fec0000],  sp=0x0febee74,  free space=507k
Native frames: (J=compiled Java code, j=interpreted, Vv=VM code, C=native code)
C  0x0fa325e0

Java frames: (J=compiled Java code, j=interpreted, Vv=VM code)
J  sun.java2d.windows.GDIBlitLoops.nativeBlit(Lsun/java2d/SurfaceData;Lsun/java2d/SurfaceData;Lsun/java2d/pipe/Region;IIIIIIIIIZ)V
J  sun.java2d.windows.GDIBlitLoops.Blit(Lsun/java2d/SurfaceData;Lsun/java2d/SurfaceData;Ljava/awt/Composite;Lsun/java2d/pipe/Region;IIIIII)V
J  sun.java2d.pipe.DrawImage.blitSurfaceData(Lsun/java2d/SunGraphics2D;Lsun/java2d/pipe/Region;Lsun/java2d/SurfaceData;Lsun/java2d/SurfaceData;Lsun/java2d/loops/SurfaceType;Lsun/java2d/loops/SurfaceType;IIIIIILjava/awt/Color;)V
J  sun.java2d.pipe.DrawImage.renderImageCopy(Lsun/java2d/SunGraphics2D;Ljava/awt/Image;Ljava/awt/Color;IIIIII)Z
J  sun.java2d.pipe.DrawImage.copyImage(Lsun/java2d/SunGraphics2D;Ljava/awt/Image;IILjava/awt/Color;)Z
J  sun.java2d.pipe.DrawImage.copyImage(Lsun/java2d/SunGraphics2D;Ljava/awt/Image;IILjava/awt/Color;Ljava/awt/image/ImageObserver;)Z
J  sun.java2d.pipe.ValidatePipe.copyImage(Lsun/java2d/SunGraphics2D;Ljava/awt/Image;IILjava/awt/Color;Ljava/awt/image/ImageObserver;)Z
J  sun.java2d.SunGraphics2D.drawImage(Ljava/awt/Image;IILjava/awt/Color;Ljava/awt/image/ImageObserver;)Z
J  sun.java2d.SunGraphics2D.drawImage(Ljava/awt/Image;IILjava/awt/image/ImageObserver;)Z
J  javax.swing.RepaintManager$PaintManager.paintDoubleBuffered(Ljavax/swing/JComponent;Ljava/awt/Image;Ljava/awt/Graphics;IIII)V
J  javax.swing.RepaintManager$PaintManager.paint(Ljavax/swing/JComponent;Ljavax/swing/JComponent;Ljava/awt/Graphics;IIII)Z
J  javax.swing.RepaintManager.paint(Ljavax/swing/JComponent;Ljavax/swing/JComponent;Ljava/awt/Graphics;IIII)V
J  javax.swing.JComponent.paint(Ljava/awt/Graphics;)V
j  java.awt.GraphicsCallback$PaintCallback.run(Ljava/awt/Component;Ljava/awt/Graphics;)V+2
j  sun.awt.SunGraphicsCallback.runOneComponent(Ljava/awt/Component;Ljava/awt/Rectangle;Ljava/awt/Graphics;Ljava/awt/Shape;I)V+155
j  sun.awt.SunGraphicsCallback.runComponents([Ljava/awt/Component;Ljava/awt/Graphics;I)V+104
j  java.awt.Container.paint(Ljava/awt/Graphics;)V+73
J  javax.swing.RepaintManager.paintDirtyRegions(Ljava/util/Map;)V
J  javax.swing.RepaintManager.paintDirtyRegions()V
J  javax.swing.RepaintManager.seqPaintDirtyRegions()V
J  javax.swing.SystemEventQueueUtilities$ComponentWorkRequest.run()V
J  java.awt.event.InvocationEvent.dispatch()V
J  java.awt.EventQueue.dispatchEvent(Ljava/awt/AWTEvent;)V
J  java.awt.EventDispatchThread.pumpOneEventForFilters(I)Z
J  java.awt.EventDispatchThread.pumpEventsForFilter(ILjava/awt/Conditional;Ljava/awt/EventFilter;)V
j  java.awt.EventDispatchThread.pumpEventsForHierarchy(ILjava/awt/Conditional;Ljava/awt/Component;)V+11
j  java.awt.EventDispatchThread.pumpEvents(ILjava/awt/Conditional;)V+4
j  java.awt.EventDispatchThread.pumpEvents(Ljava/awt/Conditional;)V+3
j  java.awt.EventDispatchThread.run()V+9
v  ~StubRoutines::call_stub

---------------  P R O C E S S  ---------------

Java Threads: ( => current thread )
  0x218c5000 JavaThread "Code Analyzer updating thread" [_thread_blocked, id=13952, stack(0x01970000,0x019f0000)]
  0x218c5800 JavaThread "pool-6-thread-1" [_thread_blocked, id=2400, stack(0x01a50000,0x01ad0000)]
  0x218cac00 JavaThread "Active Reference Queue Daemon" daemon [_thread_blocked, id=12680, stack(0x2b170000,0x2b1f0000)]
  0x218c7000 JavaThread "Timer-1" daemon [_thread_blocked, id=12684, stack(0x2b0b0000,0x2b130000)]
  0x218ca400 JavaThread "Prefs Updater" daemon [_thread_blocked, id=12700, stack(0x2af30000,0x2afb0000)]
  0x218cc800 JavaThread "Swing-Shell" daemon [_thread_blocked, id=12464, stack(0x277f0000,0x27870000)]
  0x218c8000 JavaThread "ClipboardMonitor Timer" daemon [_thread_blocked, id=12076, stack(0x28540000,0x285c0000)]
  0x218ca000 JavaThread "Explorer NavigationContext request queue" daemon [_thread_blocked, id=12048, stack(0x28480000,0x28500000)]
  0x219a5000 JavaThread "AddressBar directory emptiness poller" daemon [_thread_blocked, id=11952, stack(0x27490000,0x27510000)]
  0x219a3c00 JavaThread "Explorer Refresh Service 3278971" daemon [_thread_blocked, id=11948, stack(0x273d0000,0x27450000)]
  0x219a3800 JavaThread "Thread-4" daemon [_thread_blocked, id=11936, stack(0x26ee0000,0x26f60000)]
  0x219a3000 JavaThread "TimerQueue" daemon [_thread_blocked, id=11700, stack(0x24f80000,0x25000000)]
  0x219a5400 JavaThread "Thread-3" daemon [_thread_blocked, id=11612, stack(0x22670000,0x226f0000)]
  0x219a2c00 JavaThread "FelixPackageAdmin" daemon [_thread_blocked, id=11576, stack(0x22870000,0x228f0000)]
  0x219a6000 JavaThread "FelixStartLevel" daemon [_thread_blocked, id=11572, stack(0x227b0000,0x22830000)]
  0x219a5c00 JavaThread "FelixDispatchQueue" daemon [_thread_blocked, id=11568, stack(0x226f0000,0x22770000)]
=>0x2194a000 JavaThread "AWT-EventQueue-0" [_thread_in_native, id=11540, stack(0x0fe40000,0x0fec0000)]
  0x21881c00 JavaThread "com.google.common.base.internal.Finalizer" daemon [_thread_blocked, id=11432, stack(0x0fd80000,0x0fe00000)]
  0x21867400 JavaThread "AWT-Windows" daemon [_thread_in_native, id=11404, stack(0x087e0000,0x08860000)]
  0x20c24c00 JavaThread "AWT-Shutdown" [_thread_blocked, id=11400, stack(0x08720000,0x087a0000)]
  0x20c24400 JavaThread "Java2D Disposer" daemon [_thread_blocked, id=11388, stack(0x08640000,0x086c0000)]
  0x2143ec00 JavaThread "Timer-0" [_thread_blocked, id=10716, stack(0x08580000,0x08600000)]
  0x21385000 JavaThread "EventMgr Dispatcher" daemon [_thread_in_native, id=8516, stack(0x07c70000,0x08470000)]
  0x0e3c0000 JavaThread "Low Memory Detector" daemon [_thread_blocked, id=10656, stack(0x0f8d0000,0x0f950000)]
  0x0e3bf400 JavaThread "CompilerThread0" daemon [_thread_blocked, id=10652, stack(0x0f090000,0x0f890000)]
  0x0e3b9400 JavaThread "Attach Listener" daemon [_thread_blocked, id=10648, stack(0x0efd0000,0x0f050000)]
  0x0e395c00 JavaThread "Finalizer" daemon [_thread_blocked, id=10644, stack(0x0ef10000,0x0ef90000)]
  0x0e394800 JavaThread "Reference Handler" daemon [_thread_blocked, id=10640, stack(0x0ee50000,0x0eed0000)]
  0x07bdec00 JavaThread "main" [_thread_in_native, id=9424, stack(0x00430000,0x00c30000)]

Other Threads:
  0x0e391400 VMThread [stack: 0x0e610000,0x0ee10000] [id=10636]
  0x0e3c6000 WatcherThread [stack: 0x202a0000,0x20aa0000] [id=10660]

VM state:not at safepoint (normal execution)

VM Mutex/Monitor currently owned by a thread: None

Heap
 def new generation   total 14848K, used 12514K [0x122a0000, 0x132b0000, 0x142a0000)
  eden space 13248K,  90% used [0x122a0000, 0x12e49640, 0x12f90000)
  from space 1600K,  35% used [0x12f90000, 0x1301f4d0, 0x13120000)
  to   space 1600K,   0% used [0x13120000, 0x13120000, 0x132b0000)
 tenured generation   total 49152K, used 43880K [0x142a0000, 0x172a0000, 0x1a2a0000)
   the space 49152K,  89% used [0x142a0000, 0x16d7a348, 0x16d7a400, 0x172a0000)
 compacting perm gen  total 45824K, used 45809K [0x1a2a0000, 0x1cf60000, 0x202a0000)
   the space 45824K,  99% used [0x1a2a0000, 0x1cf5c690, 0x1cf5c800, 0x1cf60000)
No shared spaces configured.

Dynamic libraries:
0x00400000 - 0x00425000 	C:\Program Files (x86)\MATLAB\R2013a Student\bin\win32\MATLAB.exe
0x77140000 - 0x772ce000 	C:\WINDOWS\SYSTEM32\ntdll.dll
0x74fe0000 - 0x750b0000 	C:\WINDOWS\System32\KERNEL32.DLL
0x750b0000 - 0x75272000 	C:\WINDOWS\System32\KERNELBASE.dll
0x7f270000 - 0x7f2f7000 	C:\Program Files (x86)\MATLAB\R2013a Student\bin\win32\mcr.dll
0x77100000 - 0x77121000 	C:\WINDOWS\System32\GDI32.dll
0x74a90000 - 0x74be8000 	C:\WINDOWS\System32\gdi32full.dll
0x73b40000 - 0x73bb9000 	C:\WINDOWS\System32\msvcp_win.dll
0x74070000 - 0x74188000 	C:\WINDOWS\System32\ucrtbase.dll
0x76fc0000 - 0x770fc000 	C:\WINDOWS\System32\USER32.dll
0x74ea0000 - 0x74eb6000 	C:\WINDOWS\System32\win32u.dll
0x75b20000 - 0x76e68000 	C:\WINDOWS\System32\SHELL32.dll
0x74d60000 - 0x74e1d000 	C:\WINDOWS\System32\msvcrt.dll
0x74c90000 - 0x74cc9000 	C:\WINDOWS\System32\cfgmgr32.dll
0x73cb0000 - 0x73d3c000 	C:\WINDOWS\System32\shcore.dll
0x74f20000 - 0x74fe0000 	C:\WINDOWS\System32\RPCRT4.dll
0x73b20000 - 0x73b40000 	C:\WINDOWS\System32\SspiCli.dll
0x73b10000 - 0x73b1a000 	C:\WINDOWS\System32\CRYPTBASE.dll
0x74ec0000 - 0x74f17000 	C:\WINDOWS\System32\bcryptPrimitives.dll
0x74bf0000 - 0x74c31000 	C:\WINDOWS\System32\sechost.dll
0x747e0000 - 0x74a18000 	C:\WINDOWS\System32\combase.dll
0x752d0000 - 0x75857000 	C:\WINDOWS\System32\windows.storage.dll
0x75970000 - 0x759e7000 	C:\WINDOWS\System32\advapi32.dll
0x74e40000 - 0x74e85000 	C:\WINDOWS\System32\shlwapi.dll
0x74e90000 - 0x74e9e000 	C:\WINDOWS\System32\kernel.appcore.dll
0x74c40000 - 0x74c85000 	C:\WINDOWS\System32\powrprof.dll
0x75860000 - 0x75870000 	C:\WINDOWS\System32\profapi.dll
0x75870000 - 0x75963000 	C:\WINDOWS\System32\ole32.dll
0x7ee50000 - 0x7efa3000 	C:\Program Files (x86)\MATLAB\R2013a Student\bin\win32\libmwfl.dll
0x74e20000 - 0x74e39000 	C:\WINDOWS\System32\imagehlp.dll
0x77130000 - 0x77136000 	C:\WINDOWS\System32\PSAPI.DLL
0x10000000 - 0x10296000 	C:\Program Files (x86)\MATLAB\R2013a Student\bin\win32\libmwservices.dll
0x73bc0000 - 0x73caf000 	C:\WINDOWS\System32\COMDLG32.dll
0x75a20000 - 0x75a87000 	C:\WINDOWS\System32\WS2_32.dll
0x74740000 - 0x747d6000 	C:\WINDOWS\System32\OLEAUT32.dll
0x7dce0000 - 0x7dd75000 	C:\Program Files (x86)\MATLAB\R2013a Student\bin\win32\libmwi18n.dll
0x7e1c0000 - 0x7e1e7000 	C:\Program Files (x86)\MATLAB\R2013a Student\bin\win32\libmwbridge.dll
0x73dc0000 - 0x73ddc000 	C:\Program Files (x86)\MATLAB\R2013a Student\bin\win32\libmex.dll
0x7d4b0000 - 0x7d83e000 	C:\Program Files (x86)\MATLAB\R2013a Student\bin\win32\iqm.dll
0x72990000 - 0x72ea3000 	C:\Program Files (x86)\MATLAB\R2013a Student\bin\win32\mlutil.dll
0x7f630000 - 0x7f6b1000 	C:\Program Files (x86)\MATLAB\R2013a Student\bin\win32\m_dispatcher.dll
0x72390000 - 0x72540000 	C:\Program Files (x86)\MATLAB\R2013a Student\bin\win32\mcos.dll
0x7e6f0000 - 0x7e808000 	C:\Program Files (x86)\MATLAB\R2013a Student\bin\win32\libmwgui.dll
0x7be60000 - 0x7c5ac000 	C:\Program Files (x86)\MATLAB\R2013a Student\bin\win32\hg.dll
0x7db50000 - 0x7dc0c000 	C:\Program Files (x86)\MATLAB\R2013a Student\bin\win32\libmx.dll
0x7df40000 - 0x7df78000 	C:\Program Files (x86)\MATLAB\R2013a Student\bin\win32\mpath.dll
0x7d2e0000 - 0x7d39d000 	C:\Program Files (x86)\MATLAB\R2013a Student\bin\win32\hgutils.dll
0x7d9d0000 - 0x7da76000 	C:\Program Files (x86)\MATLAB\R2013a Student\bin\win32\jmi.dll
0x7dc40000 - 0x7dc93000 	C:\Program Files (x86)\MATLAB\R2013a Student\bin\win32\comcli.dll
0x73e00000 - 0x73e0a000 	C:\Program Files (x86)\MATLAB\R2013a Student\bin\win32\mlautoregister.dll
0x73710000 - 0x73726000 	C:\Program Files (x86)\MATLAB\R2013a Student\bin\win32\mwoles05.DLL
0x73390000 - 0x733a3000 	C:\WINDOWS\SYSTEM32\NETAPI32.dll
0x72eb0000 - 0x72ff9000 	C:\Program Files (x86)\MATLAB\R2013a Student\bin\win32\icuin49.dll
0x7ea10000 - 0x7eb17000 	C:\Program Files (x86)\MATLAB\R2013a Student\bin\win32\icuuc49.dll
0x73db0000 - 0x73dbd000 	C:\Program Files (x86)\MATLAB\R2013a Student\bin\win32\icuio49.dll
0x7f390000 - 0x7f421000 	C:\Program Files (x86)\MATLAB\R2013a Student\bin\win32\udd.dll
0x7de70000 - 0x7deb8000 	C:\Program Files (x86)\MATLAB\R2013a Student\bin\win32\libuij.dll
0x7e040000 - 0x7e086000 	C:\Program Files (x86)\MATLAB\R2013a Student\bin\win32\libmat.dll
0x73030000 - 0x73064000 	C:\Program Files (x86)\MATLAB\R2013a Student\bin\win32\libmwlapack.dll
0x732b0000 - 0x732e2000 	C:\Program Files (x86)\MATLAB\R2013a Student\bin\win32\libmwhardcopy.dll
0x73ea0000 - 0x73ea9000 	C:\Program Files (x86)\MATLAB\R2013a Student\bin\win32\libmwompwrapper.dll
0x02610000 - 0x02679000 	C:\Program Files (x86)\MATLAB\R2013a Student\bin\win32\MSVCP100.dll
0x02680000 - 0x0273f000 	C:\Program Files (x86)\MATLAB\R2013a Student\bin\win32\MSVCR100.dll
0x02740000 - 0x027d1000 	C:\Program Files (x86)\MATLAB\R2013a Student\bin\win32\libut.dll
0x027e0000 - 0x0291c000 	C:\Program Files (x86)\MATLAB\R2013a Student\bin\win32\mvm.dll
0x02920000 - 0x02e74000 	C:\Program Files (x86)\MATLAB\R2013a Student\bin\win32\m_interpreter.dll
0x02e80000 - 0x02f08000 	C:\Program Files (x86)\MATLAB\R2013a Student\bin\win32\udd_mi.dll
0x02f10000 - 0x031b5000 	C:\Program Files (x86)\MATLAB\R2013a Student\bin\win32\uiw.dll
0x00cc0000 - 0x00ccd000 	C:\Program Files (x86)\MATLAB\R2013a Student\bin\win32\boost_iostreams-vc100-mt-1_49.dll
0x00dd0000 - 0x00ddc000 	C:\Program Files (x86)\MATLAB\R2013a Student\bin\win32\boost_date_time-vc100-mt-1_49.dll
0x00de0000 - 0x00de7000 	C:\Program Files (x86)\MATLAB\R2013a Student\bin\win32\boost_system-vc100-mt-1_49.dll
0x72950000 - 0x7295e000 	C:\Program Files (x86)\MATLAB\R2013a Student\bin\win32\boost_thread-vc100-mt-1_49.dll
0x72960000 - 0x72988000 	C:\Program Files (x86)\MATLAB\R2013a Student\bin\win32\tbb.dll
0x71d30000 - 0x71d55000 	C:\Program Files (x86)\MATLAB\R2013a Student\bin\win32\boost_filesystem-vc100-mt-1_49.dll
0x00df0000 - 0x00dfb000 	C:\Program Files (x86)\MATLAB\R2013a Student\bin\win32\libmwresource_core.dll
0x72940000 - 0x7294e000 	C:\Program Files (x86)\MATLAB\R2013a Student\bin\win32\boost_signals-vc100-mt-1_49.dll
0x71c70000 - 0x71d24000 	C:\Program Files (x86)\MATLAB\R2013a Student\bin\win32\boost_regex-vc100-mt-1_49.dll
0x031c0000 - 0x031fd000 	C:\Program Files (x86)\MATLAB\R2013a Student\bin\win32\libmwregexp.dll
0x03200000 - 0x03219000 	C:\Program Files (x86)\MATLAB\R2013a Student\bin\win32\libmwmfl_scalar.dll
0x03220000 - 0x03294000 	C:\Program Files (x86)\MATLAB\R2013a Student\bin\win32\boost_log-vc100-mt-1_49.dll
0x032a0000 - 0x032bf000 	C:\Program Files (x86)\MATLAB\R2013a Student\bin\win32\libmwMATLAB_settings_res.dll
0x032c0000 - 0x032c5000 	C:\Program Files (x86)\MATLAB\R2013a Student\bin\win32\libmwnativedisplay.dll
0x032d0000 - 0x0330e000 	C:\Program Files (x86)\MATLAB\R2013a Student\bin\win32\boost_serialization-vc100-mt-1_49.dll
0x03310000 - 0x0339e000 	C:\WINDOWS\WinSxS\x86_microsoft.windows.common-controls_6595b64144ccf1df_5.82.15063.413_none_55bc94a37c2a2854\COMCTL32.dll
0x033a0000 - 0x03560000 	C:\Program Files (x86)\MATLAB\R2013a Student\bin\win32\xerces-c_2_7.dll
0x03570000 - 0x03893000 	C:\Program Files (x86)\MATLAB\R2013a Student\bin\win32\libmwMATLAB_res.dll
0x71c40000 - 0x71c61000 	C:\Program Files (x86)\MATLAB\R2013a Student\bin\win32\LIBEXPAT.dll
0x038a0000 - 0x038bd000 	C:\Program Files (x86)\MATLAB\R2013a Student\bin\win32\graphics_util.dll
0x038d0000 - 0x03932000 	C:\Program Files (x86)\MATLAB\R2013a Student\bin\win32\xmlcore.dll
0x039b0000 - 0x039dd000 	C:\Program Files (x86)\MATLAB\R2013a Student\bin\win32\libmwgbtutils.dll
0x039e0000 - 0x03a4e000 	C:\WINDOWS\SYSTEM32\WINSPOOL.DRV
0x03a50000 - 0x03e88000 	C:\Program Files (x86)\MATLAB\R2013a Student\bin\win32\mfc100.dll
0x03e90000 - 0x03ea8000 	C:\Program Files (x86)\MATLAB\R2013a Student\bin\win32\tbbmalloc.dll
0x03eb0000 - 0x03ec4000 	C:\Program Files (x86)\MATLAB\R2013a Student\bin\win32\zlib1.dll
0x03ed0000 - 0x03ee0000 	C:\Program Files (x86)\MATLAB\R2013a Student\bin\win32\libmwgbt.dll
0x03ee0000 - 0x03f06000 	C:\Program Files (x86)\MATLAB\R2013a Student\bin\win32\ATL100.DLL
0x03f40000 - 0x05062000 	C:\Program Files (x86)\MATLAB\R2013a Student\bin\win32\icudt49.dll
0x05070000 - 0x0507c000 	C:\Program Files (x86)\MATLAB\R2013a Student\bin\win32\nativejava_services.dll
0x05080000 - 0x05269000 	C:\Program Files (x86)\MATLAB\R2013a Student\bin\win32\hdf5dll.dll
0x05270000 - 0x05281000 	C:\Program Files (x86)\MATLAB\R2013a Student\bin\win32\libmwbinder.dll
0x052a0000 - 0x05472000 	C:\Program Files (x86)\MATLAB\R2013a Student\bin\win32\hgdatatypes.dll
0x7d8b0000 - 0x7d910000 	C:\Program Files (x86)\MATLAB\R2013a Student\bin\win32\profiler.dll
0x734f0000 - 0x7350f000 	C:\Program Files (x86)\MATLAB\R2013a Student\bin\win32\libmwmathrng.dll
0x70000000 - 0x70590000 	C:\Program Files (x86)\MATLAB\R2013a Student\bin\win32\m_parser.dll
0x73690000 - 0x736b1000 	C:\Program Files (x86)\MATLAB\R2013a Student\bin\win32\m_pcodegen.dll
0x73e90000 - 0x73e9e000 	C:\Program Files (x86)\MATLAB\R2013a Student\bin\win32\mtok.dll
0x05480000 - 0x055dd000 	C:\WINDOWS\SYSTEM32\dbghelp.dll
0x03940000 - 0x03948000 	C:\Program Files (x86)\MATLAB\R2013a Student\bin\win32\uinone.dll
0x03950000 - 0x03966000 	C:\WINDOWS\SYSTEM32\MPR.dll
0x055e0000 - 0x05692000 	C:\Program Files (x86)\MATLAB\R2013a Student\bin\win32\libtex_base.dll
0x03970000 - 0x03976000 	C:\WINDOWS\SYSTEM32\MSIMG32.dll
0x03980000 - 0x0399e000 	C:\Program Files (x86)\MATLAB\R2013a Student\bin\win32\libmwnativefiledialogs.dll
0x056a0000 - 0x0590c000 	C:\Program Files (x86)\MATLAB\R2013a Student\bin\win32\libmwmathutil.dll
0x03f10000 - 0x03f28000 	C:\WINDOWS\SYSTEM32\bcrypt.dll
0x05910000 - 0x05927000 	C:\Program Files (x86)\MATLAB\R2013a Student\bin\win32\m_pcodeio.dll
0x05930000 - 0x05979000 	C:\Program Files (x86)\MATLAB\R2013a Student\bin\win32\m_ir.dll
0x05980000 - 0x059c8000 	C:\Program Files (x86)\MATLAB\R2013a Student\bin\win32\libmwspmatrix.dll
0x039a0000 - 0x039ae000 	C:\Program Files (x86)\MATLAB\R2013a Student\bin\win32\libmwmfl_rng.dll
0x059d0000 - 0x05a7b000 	C:\Program Files (x86)\MATLAB\R2013a Student\bin\win32\libmwmathcore.dll
0x05a80000 - 0x05a91000 	C:\Program Files (x86)\MATLAB\R2013a Student\bin\win32\ir_xfmr.dll
0x03f30000 - 0x03f39000 	C:\Program Files (x86)\MATLAB\R2013a Student\bin\win32\libmwplatform_res.dll
0x05aa0000 - 0x05aeb000 	C:\Program Files (x86)\MATLAB\R2013a Student\bin\win32\libmwcholmod.dll
0x73e80000 - 0x73e8a000 	C:\Program Files (x86)\MATLAB\R2013a Student\bin\win32\libmwcolamd.dll
0x73e70000 - 0x73e7a000 	C:\Program Files (x86)\MATLAB\R2013a Student\bin\win32\libmwamd.dll
0x05b20000 - 0x05bc3000 	C:\WINDOWS\WinSxS\x86_microsoft.vc90.crt_1fc8b3b9a1e18e3b_9.0.30729.9279_none_50939ec6bcb7c97c\MSVCR90.dll
0x05bd0000 - 0x05bdb000 	C:\Program Files (x86)\MATLAB\R2013a Student\bin\win32\libmwblas.dll
0x759f0000 - 0x75a15000 	C:\WINDOWS\System32\IMM32.DLL
0x07950000 - 0x079c8000 	C:\WINDOWS\SYSTEM32\UxTheme.dll

VM Arguments:
jvm_args: -Xss512k -XX:PermSize=32m -Xms64m -XX:NewRatio=3 -XX:MaxPermSize=96m -Xmx128m -XX:MaxDirectMemorySize=1200000000 -Dsun.java2d.noddraw=true -Dsun.awt.nopixfmt=true -Xshare:off -Xrs -Dsun.awt.disableMixing=true -Djava.library.path=C:\Program Files (x86)\MATLAB\R2013a Student\bin\win32;C:\Program Files (x86)\MATLAB\R2013a Student\sys\jxbrowser\win32\lib vfprintf abort -XX:ParallelGCThreads=6 
java_command: <unknown>
Launcher Type: generic

Environment Variables:
PATH=C:\WINDOWS\system32;C:\WINDOWS;C:\WINDOWS\System32\Wbem;C:\WINDOWS\System32\WindowsPowerShell\v1.0\;C:\Program Files (x86)\MATLAB\R2013a Student\bin;C:\Program Files (x86)\NVIDIA Corporation\PhysX\Common;C:\WINDOWS\system32\config\systemprofile\.dnx\bin;C:\Program Files\Microsoft DNX\Dnvm\;C:\Program Files\Microsoft SQL Server\130\Tools\Binn\;C:\WINDOWS\system32;C:\WINDOWS;C:\WINDOWS\System32\Wbem;C:\WINDOWS\System32\WindowsPowerShell\v1.0\;C:\Users\JakeT\AppData\Local\Microsoft\WindowsApps;
USERNAME=JakeT
OS=Windows_NT
PROCESSOR_IDENTIFIER=Intel64 Family 6 Model 94 Stepping 3, GenuineIntel



---------------  S Y S T E M  ---------------

OS: Windows NT 6.2 Build 9200 

CPU:total 8 (8 cores per cpu, 2 threads per core) family 6 model 94 stepping 3, cmov, cx8, fxsr, mmx, sse, sse2, sse3, ssse3, sse4.1, sse4.2, ht

Memory: 4k page, physical 4194303k(4194303k free), swap 4194303k(4194303k free)

vm_info: Java HotSpot(TM) Client VM (14.3-b01) for windows-x86 JRE (1.6.0_17-b04), built on Oct 11 2009 00:52:06 by "java_re" with MS VC++ 7.1

time: Sat Nov 18 17:22:04 2017
elapsed time: 111143 seconds

